<?xml version="1.0" encoding="UTF-8"?>
<testng-results ignored="0" total="2" passed="1" failed="1" skipped="0">
  <reporter-output>
  </reporter-output>
  <suite started-at="2020-11-22T22:57:13 EST" name="Default suite" finished-at="2020-11-22T22:57:29 EST" duration-ms="15996">
    <groups>
    </groups>
    <test started-at="2020-11-22T22:57:13 EST" name="Default test" finished-at="2020-11-22T22:57:29 EST" duration-ms="15996">
      <class name="searchbox.testRun">
        <test-method is-config="true" signature="classSetup()[pri:0, instance:searchbox.testRun@6dbb137d]" started-at="2020-11-22T22:57:13 EST" name="classSetup" finished-at="2020-11-22T22:57:13 EST" duration-ms="7" status="PASS">
          <reporter-output>
          </reporter-output>
        </test-method> <!-- classSetup -->
        <test-method is-config="true" signature="setUp()[pri:0, instance:searchbox.testRun@6dbb137d]" started-at="2020-11-22T22:57:13 EST" name="setUp" finished-at="2020-11-22T22:57:16 EST" duration-ms="3499" status="PASS">
          <reporter-output>
          </reporter-output>
        </test-method> <!-- setUp -->
        <test-method signature="SoftSearchBox()[pri:0, instance:searchbox.testRun@6dbb137d]" started-at="2020-11-22T22:57:16 EST" name="SoftSearchBox" finished-at="2020-11-22T22:57:21 EST" duration-ms="4496" status="FAIL">
          <exception class="java.lang.AssertionError">
            <message>
              <![CDATA[The following asserts failed:
Verify URL of the Page expected [Shop by Category | eBays] but found [Shop by Category | eBay]]]>
            </message>
            <full-stacktrace>
              <![CDATA[java.lang.AssertionError: The following asserts failed:
Verify URL of the Page expected [Shop by Category | eBays] but found [Shop by Category | eBay]
at org.testng.asserts.SoftAssert.assertAll(SoftAssert.java:47)
at org.testng.asserts.SoftAssert.assertAll(SoftAssert.java:31)
at searchbox.testRun.SoftSearchBox(testRun.java:115)
at java.base/jdk.internal.reflect.NativeMethodAccessorImpl.invoke0(Native Method)
at java.base/jdk.internal.reflect.NativeMethodAccessorImpl.invoke(NativeMethodAccessorImpl.java:64)
at java.base/jdk.internal.reflect.DelegatingMethodAccessorImpl.invoke(DelegatingMethodAccessorImpl.java:43)
at java.base/java.lang.reflect.Method.invoke(Method.java:564)
at org.testng.internal.MethodInvocationHelper.invokeMethod(MethodInvocationHelper.java:132)
at org.testng.internal.TestInvoker.invokeMethod(TestInvoker.java:599)
at org.testng.internal.TestInvoker.invokeTestMethod(TestInvoker.java:174)
at org.testng.internal.MethodRunner.runInSequence(MethodRunner.java:46)
at org.testng.internal.TestInvoker$MethodInvocationAgent.invoke(TestInvoker.java:822)
at org.testng.internal.TestInvoker.invokeTestMethods(TestInvoker.java:147)
at org.testng.internal.TestMethodWorker.invokeTestMethods(TestMethodWorker.java:146)
at org.testng.internal.TestMethodWorker.run(TestMethodWorker.java:128)
at java.base/java.util.ArrayList.forEach(ArrayList.java:1511)
at org.testng.TestRunner.privateRun(TestRunner.java:764)
at org.testng.TestRunner.run(TestRunner.java:585)
at org.testng.SuiteRunner.runTest(SuiteRunner.java:384)
at org.testng.SuiteRunner.runSequentially(SuiteRunner.java:378)
at org.testng.SuiteRunner.privateRun(SuiteRunner.java:337)
at org.testng.SuiteRunner.run(SuiteRunner.java:286)
at org.testng.SuiteRunnerWorker.runSuite(SuiteRunnerWorker.java:53)
at org.testng.SuiteRunnerWorker.run(SuiteRunnerWorker.java:96)
at org.testng.TestNG.runSuitesSequentially(TestNG.java:1218)
at org.testng.TestNG.runSuitesLocally(TestNG.java:1140)
at org.testng.TestNG.runSuites(TestNG.java:1069)
at org.testng.TestNG.run(TestNG.java:1037)
at org.testng.remote.AbstractRemoteTestNG.run(AbstractRemoteTestNG.java:115)
at org.testng.remote.RemoteTestNG.initAndRun(RemoteTestNG.java:251)
at org.testng.remote.RemoteTestNG.main(RemoteTestNG.java:77)
]]>
            </full-stacktrace>
          </exception> <!-- java.lang.AssertionError -->
          <reporter-output>
          </reporter-output>
        </test-method> <!-- SoftSearchBox -->
        <test-method is-config="true" signature="closeTest()[pri:0, instance:searchbox.testRun@6dbb137d]" started-at="2020-11-22T22:57:21 EST" name="closeTest" finished-at="2020-11-22T22:57:21 EST" duration-ms="57" status="PASS">
          <reporter-output>
          </reporter-output>
        </test-method> <!-- closeTest -->
        <test-method is-config="true" signature="setUp()[pri:0, instance:searchbox.testRun@6dbb137d]" started-at="2020-11-22T22:57:21 EST" name="setUp" finished-at="2020-11-22T22:57:24 EST" duration-ms="3043" status="PASS">
          <reporter-output>
          </reporter-output>
        </test-method> <!-- setUp -->
        <test-method signature="ebaySearchbox()[pri:0, instance:searchbox.testRun@6dbb137d]" started-at="2020-11-22T22:57:24 EST" name="ebaySearchbox" finished-at="2020-11-22T22:57:29 EST" duration-ms="4806" status="PASS">
          <reporter-output>
          </reporter-output>
        </test-method> <!-- ebaySearchbox -->
        <test-method is-config="true" signature="closeTest()[pri:0, instance:searchbox.testRun@6dbb137d]" started-at="2020-11-22T22:57:29 EST" name="closeTest" finished-at="2020-11-22T22:57:29 EST" duration-ms="51" status="PASS">
          <reporter-output>
          </reporter-output>
        </test-method> <!-- closeTest -->
        <test-method is-config="true" signature="classtestDone()[pri:0, instance:searchbox.testRun@6dbb137d]" started-at="2020-11-22T22:57:29 EST" name="classtestDone" finished-at="2020-11-22T22:57:29 EST" duration-ms="1" status="PASS">
          <reporter-output>
          </reporter-output>
        </test-method> <!-- classtestDone -->
      </class> <!-- searchbox.testRun -->
    </test> <!-- Default test -->
  </suite> <!-- Default suite -->
</testng-results>
