<?xml version="1.0" encoding="UTF-8"?>
<!-- Generated by org.testng.reporters.JUnitXMLReporter -->
<testsuite ignored="0" hostname="binsonPc" failures="0" tests="1" name="Test" time="1.694" errors="0" timestamp="2021-03-14T11:50:01 EDT">
  <testcase classname="BankofAmerica.Test1" name="@BeforeMethod beforeMethod" time="1.648">
    <failure type="org.openqa.selenium.SessionNotCreatedException" message="session not created: This version of ChromeDriver only supports Chrome version 86
Current browser version is 89.0.4389.82 with binary path C:\Program Files\Google\Chrome\Application\chrome.exe
Build info: version: &amp;apos;3.141.59&amp;apos;, revision: &amp;apos;e82be7d358&amp;apos;, time: &amp;apos;2018-11-14T08:17:03&amp;apos;
System info: host: &amp;apos;BINSONPC&amp;apos;, ip: &amp;apos;192.168.159.1&amp;apos;, os.name: &amp;apos;Windows 10&amp;apos;, os.arch: &amp;apos;amd64&amp;apos;, os.version: &amp;apos;10.0&amp;apos;, java.version: &amp;apos;11.0.8&amp;apos;
Driver info: driver.version: ChromeDriver
remote stacktrace: Backtrace:
	Ordinal0 [0x0100C013+3194899]
	Ordinal0 [0x00EF6021+2056225]
	Ordinal0 [0x00D8F608+587272]
	Ordinal0 [0x00D11BF3+72691]
	Ordinal0 [0x00D0E229+57897]
	Ordinal0 [0x00D0C64A+50762]
	Ordinal0 [0x00D31EE9+204521]
	Ordinal0 [0x00D31D0D+204045]
	Ordinal0 [0x00D2FC1B+195611]
	Ordinal0 [0x00D13B7F+80767]
	Ordinal0 [0x00D14B4E+84814]
	Ordinal0 [0x00D14AD9+84697]
	Ordinal0 [0x00F0CE64+2149988]
	GetHandleVerifier [0x0117BE95+1400773]
	GetHandleVerifier [0x0117BB61+1399953]
	GetHandleVerifier [0x011831FA+1430314]
	GetHandleVerifier [0x0117C69F+1402831]
	Ordinal0 [0x00F03D61+2112865]
	Ordinal0 [0x00F0E5CB+2155979]
	Ordinal0 [0x00F0E6F5+2156277]
	Ordinal0 [0x00F1F26E+2224750]
	BaseThreadInitThunk [0x750FFA29+25]
	RtlGetAppContainerNamedObjectPath [0x77077C7E+286]
	RtlGetAppContainerNamedObjectPath [0x77077C4E+238]
">
      <![CDATA[org.openqa.selenium.SessionNotCreatedException: session not created: This version of ChromeDriver only supports Chrome version 86
Current browser version is 89.0.4389.82 with binary path C:\Program Files\Google\Chrome\Application\chrome.exe
Build info: version: '3.141.59', revision: 'e82be7d358', time: '2018-11-14T08:17:03'
System info: host: 'BINSONPC', ip: '192.168.159.1', os.name: 'Windows 10', os.arch: 'amd64', os.version: '10.0', java.version: '11.0.8'
Driver info: driver.version: ChromeDriver
remote stacktrace: Backtrace:
Ordinal0 [0x0100C013+3194899]
Ordinal0 [0x00EF6021+2056225]
Ordinal0 [0x00D8F608+587272]
Ordinal0 [0x00D11BF3+72691]
Ordinal0 [0x00D0E229+57897]
Ordinal0 [0x00D0C64A+50762]
Ordinal0 [0x00D31EE9+204521]
Ordinal0 [0x00D31D0D+204045]
Ordinal0 [0x00D2FC1B+195611]
Ordinal0 [0x00D13B7F+80767]
Ordinal0 [0x00D14B4E+84814]
Ordinal0 [0x00D14AD9+84697]
Ordinal0 [0x00F0CE64+2149988]
GetHandleVerifier [0x0117BE95+1400773]
GetHandleVerifier [0x0117BB61+1399953]
GetHandleVerifier [0x011831FA+1430314]
GetHandleVerifier [0x0117C69F+1402831]
Ordinal0 [0x00F03D61+2112865]
Ordinal0 [0x00F0E5CB+2155979]
Ordinal0 [0x00F0E6F5+2156277]
Ordinal0 [0x00F1F26E+2224750]
BaseThreadInitThunk [0x750FFA29+25]
RtlGetAppContainerNamedObjectPath [0x77077C7E+286]
RtlGetAppContainerNamedObjectPath [0x77077C4E+238]

at org.openqa.selenium.remote.W3CHandshakeResponse.lambda$errorHandler$0(W3CHandshakeResponse.java:62)
at org.openqa.selenium.remote.HandshakeResponse.lambda$getResponseFunction$0(HandshakeResponse.java:30)
at org.openqa.selenium.remote.ProtocolHandshake.lambda$createSession$0(ProtocolHandshake.java:126)
at java.base/java.util.stream.ReferencePipeline$3$1.accept(ReferencePipeline.java:195)
at java.base/java.util.Spliterators$ArraySpliterator.tryAdvance(Spliterators.java:958)
at java.base/java.util.stream.ReferencePipeline.forEachWithCancel(ReferencePipeline.java:127)
at java.base/java.util.stream.AbstractPipeline.copyIntoWithCancel(AbstractPipeline.java:502)
at java.base/java.util.stream.AbstractPipeline.copyInto(AbstractPipeline.java:488)
at java.base/java.util.stream.AbstractPipeline.wrapAndCopyInto(AbstractPipeline.java:474)
at java.base/java.util.stream.FindOps$FindOp.evaluateSequential(FindOps.java:150)
at java.base/java.util.stream.AbstractPipeline.evaluate(AbstractPipeline.java:234)
at java.base/java.util.stream.ReferencePipeline.findFirst(ReferencePipeline.java:543)
at org.openqa.selenium.remote.ProtocolHandshake.createSession(ProtocolHandshake.java:128)
at org.openqa.selenium.remote.ProtocolHandshake.createSession(ProtocolHandshake.java:74)
at org.openqa.selenium.remote.HttpCommandExecutor.execute(HttpCommandExecutor.java:136)
at org.openqa.selenium.remote.service.DriverCommandExecutor.execute(DriverCommandExecutor.java:83)
at org.openqa.selenium.remote.RemoteWebDriver.execute(RemoteWebDriver.java:552)
at org.openqa.selenium.remote.RemoteWebDriver.startSession(RemoteWebDriver.java:213)
at org.openqa.selenium.remote.RemoteWebDriver.<init>(RemoteWebDriver.java:131)
at org.openqa.selenium.chrome.ChromeDriver.<init>(ChromeDriver.java:181)
at org.openqa.selenium.chrome.ChromeDriver.<init>(ChromeDriver.java:168)
at org.openqa.selenium.chrome.ChromeDriver.<init>(ChromeDriver.java:123)
at BankofAmerica.BaseClass.Browser(BaseClass.java:47)
at BankofAmerica.Test1.beforeMethod(Test1.java:15)
at java.base/java.util.ArrayList.forEach(ArrayList.java:1541)
... Removed 35 stack frames]]>
    </failure>
  </testcase> <!-- @BeforeMethod beforeMethod -->
  <testcase classname="BankofAmerica.Test1" name="f" time="0.0">
    <skipped/>
  </testcase> <!-- f -->
</testsuite> <!-- Test -->
